\BOOKMARK [0][-]{section*.1}{\376\377\000D\000e\000c\000l\000a\000r\000a\000t\000i\000o\000n\000\040\000o\000f\000\040\000A\000u\000t\000h\000o\000r\000s\000h\000i\000p}{}% 1
\BOOKMARK [0][-]{section*.2}{\376\377\000A\000b\000s\000t\000r\000a\000c\000t}{}% 2
\BOOKMARK [0][-]{section*.3}{\376\377\000A\000c\000k\000n\000o\000w\000l\000e\000d\000g\000e\000m\000e\000n\000t\000s}{}% 3
\BOOKMARK [0][-]{chapter.9}{\376\377\000I\000n\000t\000r\000o\000d\000u\000c\000t\000i\000o\000n\000\040\000a\000n\000d\000\040\000P\000r\000e\000v\000i\000e\000w}{}% 4
\BOOKMARK [1][-]{section.10}{\376\377\000M\000a\000c\000h\000i\000n\000e\000\040\000L\000e\000a\000r\000n\000i\000n\000g}{chapter.9}% 5
\BOOKMARK [2][-]{subsection.11}{\376\377\000U\000n\000s\000u\000p\000e\000r\000v\000i\000s\000e\000d\000\040\000L\000e\000a\000r\000n\000i\000n\000g\000,\000\040\000S\000u\000p\000e\000r\000v\000i\000s\000e\000d\000\040\000L\000e\000a\000r\000n\000i\000n\000g\000,\000\040\000S\000e\000m\000i\000-\000s\000u\000p\000e\000r\000v\000i\000s\000e\000d\000\040\000L\000e\000a\000r\000n\000i\000n\000g}{section.10}% 6
\BOOKMARK [1][-]{section.12}{\376\377\000B\000a\000s\000i\000c\000\040\000G\000e\000n\000o\000m\000i\000c\000s}{chapter.9}% 7
\BOOKMARK [2][-]{subsection.13}{\376\377\000M\000o\000l\000e\000c\000u\000l\000a\000r\000\040\000B\000i\000o\000l\000o\000g\000y}{section.12}% 8
\BOOKMARK [2][-]{subsection.14}{\376\377\000M\000i\000t\000o\000c\000h\000o\000n\000d\000r\000i\000a}{section.12}% 9
\BOOKMARK [1][-]{section.15}{\376\377\000S\000t\000r\000u\000c\000t\000u\000r\000e\000\040\000o\000f\000\040\000R\000e\000p\000o\000r\000t}{chapter.9}% 10
\BOOKMARK [0][-]{chapter.16}{\376\377\000O\000b\000j\000e\000c\000t\000i\000v\000e\000\040\000a\000n\000d\000\040\000L\000i\000t\000e\000r\000a\000t\000u\000r\000e\000\040\000R\000e\000v\000i\000e\000w}{}% 11
\BOOKMARK [1][-]{section.17}{\376\377\000O\000b\000j\000e\000c\000t\000i\000v\000e}{chapter.16}% 12
\BOOKMARK [2][-]{subsection.18}{\376\377\000C\000l\000u\000s\000t\000e\000r\000i\000n\000g\000\040\000G\000e\000n\000e\000\040\000E\000x\000p\000r\000e\000s\000s\000i\000o\000n\000\040\000V\000a\000l\000u\000e\000s}{section.17}% 13
\BOOKMARK [1][-]{section.19}{\376\377\000L\000i\000t\000e\000r\000a\000t\000u\000r\000e\000\040\000R\000e\000v\000i\000e\000w}{chapter.16}% 14
\BOOKMARK [0][-]{chapter.20}{\376\377\000T\000h\000e\000o\000r\000i\000e\000s\000\040\000a\000n\000d\000\040\000T\000o\000o\000l\000s\000\040\000U\000s\000e\000d}{}% 15
\BOOKMARK [1][-]{section.21}{\376\377\000E\000x\000p\000e\000c\000t\000a\000t\000i\000o\000n\000\040\000M\000a\000x\000i\000m\000i\000s\000a\000t\000i\000o\000n\000\040\000\050\000E\000M\000\051\000\040\000A\000l\000g\000o\000r\000i\000t\000h\000m}{chapter.20}% 16
\BOOKMARK [2][-]{subsection.22}{\376\377\000O\000u\000t\000l\000i\000n\000e}{section.21}% 17
\BOOKMARK [1][-]{section.23}{\376\377\000D\000e\000t\000e\000r\000m\000i\000n\000e\000\040\000O\000p\000t\000i\000m\000a\000l\000\040\000N\000u\000m\000b\000e\000r\000\040\000o\000f\000\040\000C\000l\000u\000s\000t\000e\000r\000s}{chapter.20}% 18
\BOOKMARK [2][-]{subsection.24}{\376\377\000B\000I\000C\000\040\000a\000n\000d\000\040\000A\000I\000C}{section.23}% 19
\BOOKMARK [3][-]{section*.25}{\376\377\000O\000u\000t\000l\000i\000n\000e}{subsection.24}% 20
\BOOKMARK [2][-]{subsection.26}{\376\377\000E\000l\000b\000o\000w\000\040\000M\000e\000t\000h\000o\000d\000\040\000A\000n\000a\000l\000y\000s\000i\000s}{section.23}% 21
\BOOKMARK [3][-]{section*.27}{\376\377\000O\000u\000t\000l\000i\000n\000e}{subsection.26}% 22
\BOOKMARK [2][-]{subsection.29}{\376\377\000G\000a\000p\000\040\000S\000t\000a\000t\000i\000s\000t\000i\000c\000s}{section.23}% 23
\BOOKMARK [3][-]{section*.30}{\376\377\000O\000u\000t\000l\000i\000n\000e}{subsection.29}% 24
\BOOKMARK [1][-]{section.31}{\376\377\000P\000e\000r\000f\000o\000r\000m\000a\000n\000c\000e\000\040\000M\000e\000a\000s\000u\000r\000e\000s}{chapter.20}% 25
\BOOKMARK [2][-]{subsection.32}{\376\377\000C\000l\000u\000s\000t\000e\000r\000i\000n\000g\000\040\000A\000c\000c\000u\000r\000a\000c\000y}{section.31}% 26
\BOOKMARK [2][-]{subsection.33}{\376\377\000M\000E\000\040\000D\000i\000s\000t\000a\000n\000c\000e}{section.31}% 27
\BOOKMARK [3][-]{section*.34}{\376\377\000D\000e\000f\000i\000n\000i\000t\000i\000o\000n}{subsection.33}% 28
\BOOKMARK [3][-]{section*.35}{\376\377\000T\000h\000e\000\040\000M\000i\000s\000c\000l\000a\000s\000s\000i\000f\000i\000c\000a\000t\000i\000o\000n\000\040\000E\000r\000r\000o\000r\000\040\000\050\000M\000E\000\051\000\040\000D\000i\000s\000t\000a\000n\000c\000e\000\040\000b\000e\000t\000w\000e\000e\000n\000\040\000C\000l\000u\000s\000t\000e\000r\000i\000n\000g\000s}{subsection.33}% 29
\BOOKMARK [1][-]{section.36}{\376\377\000G\000e\000n\000e\000\040\000O\000n\000t\000o\000l\000o\000g\000y\000\040\000\050\000G\000O\000\051}{chapter.20}% 30
\BOOKMARK [0][-]{chapter.38}{\376\377\000P\000r\000o\000p\000o\000s\000e\000d\000\040\000A\000l\000g\000o\000r\000i\000t\000h\000m\000s}{}% 31
\BOOKMARK [1][-]{section.39}{\376\377\000B\000e\000n\000c\000h\000m\000a\000r\000k\000\040\000M\000e\000t\000h\000o\000d\000:\000\040\000S\000h\000o\000r\000t\000\040\000T\000i\000m\000e\000-\000s\000e\000r\000i\000e\000s\000\040\000E\000x\000p\000r\000e\000s\000s\000i\000o\000n\000\040\000M\000i\000n\000e\000r\000\040\000\050\000S\000T\000E\000M\000\051}{chapter.38}% 32
\BOOKMARK [2][-]{subsection.40}{\376\377\000O\000u\000t\000l\000i\000n\000e}{section.39}% 33
\BOOKMARK [2][-]{subsection.41}{\376\377\000G\000e\000n\000e\000r\000a\000t\000i\000n\000g\000\040\000M\000o\000d\000e\000l\000\040\000P\000r\000o\000f\000i\000l\000e\000s}{section.39}% 34
\BOOKMARK [3][-]{section*.42}{\376\377\000S\000e\000l\000e\000c\000t\000i\000n\000g\000\040\000D\000i\000s\000t\000i\000n\000c\000t\000\040\000M\000o\000d\000e\000l\000\040\000P\000r\000o\000f\000i\000l\000e\000s}{subsection.41}% 35
\BOOKMARK [3][-]{section*.44}{\376\377\000D\000i\000s\000t\000a\000n\000c\000e\000\040\000M\000e\000a\000s\000u\000r\000e}{subsection.41}% 36
\BOOKMARK [2][-]{subsection.55}{\376\377\000F\000i\000n\000d\000i\000n\000g\000\040\000S\000i\000g\000n\000i\000f\000i\000c\000a\000n\000t\000\040\000M\000o\000d\000e\000l\000\040\000P\000r\000o\000f\000i\000l\000e\000s}{section.39}% 37
\BOOKMARK [3][-]{section*.56}{\376\377\000A\000s\000s\000i\000g\000n\000i\000n\000g\000\040\000G\000e\000n\000e\000s\000\040\000t\000o\000\040\000M\000o\000d\000e\000l\000\040\000P\000r\000o\000f\000i\000l\000e\000s}{subsection.55}% 38
\BOOKMARK [3][-]{section*.57}{\376\377\000P\000e\000r\000m\000u\000t\000a\000t\000i\000o\000n\000\040\000T\000e\000s\000t}{subsection.55}% 39
\BOOKMARK [2][-]{subsection.58}{\376\377\000G\000r\000o\000u\000p\000i\000n\000g\000\040\000S\000i\000g\000n\000i\000f\000i\000c\000a\000n\000t\000\040\000P\000r\000o\000f\000i\000l\000e\000s}{section.39}% 40
\BOOKMARK [2][-]{subsection.59}{\376\377\000C\000h\000a\000l\000l\000e\000n\000g\000e\000s}{section.39}% 41
\BOOKMARK [1][-]{section.60}{\376\377\000M\000i\000x\000t\000u\000r\000e\000\040\000M\000o\000d\000e\000l}{chapter.38}% 42
\BOOKMARK [2][-]{subsection.61}{\376\377\000O\000u\000t\000l\000i\000n\000e}{section.60}% 43
\BOOKMARK [1][-]{section.70}{\376\377\000K\000-\000m\000e\000a\000n\000s}{chapter.38}% 44
\BOOKMARK [2][-]{subsection.72}{\376\377\000O\000u\000t\000l\000i\000n\000e}{section.70}% 45
\BOOKMARK [3][-]{section*.75}{\376\377\000K\000-\000m\000e\000a\000n\000s\000\040\000+\000+}{subsection.72}% 46
\BOOKMARK [3][-]{section*.76}{\376\377\000C\000h\000a\000l\000l\000e\000n\000g\000e\000s}{subsection.72}% 47
\BOOKMARK [1][-]{section.77}{\376\377\000H\000i\000e\000r\000a\000r\000c\000h\000i\000c\000a\000l\000\040\000C\000l\000u\000s\000t\000e\000r\000i\000n\000g}{chapter.38}% 48
\BOOKMARK [2][-]{subsection.79}{\376\377\000C\000h\000a\000l\000l\000e\000n\000g\000e\000s}{section.77}% 49
\BOOKMARK [0][-]{chapter.80}{\376\377\000E\000m\000p\000i\000r\000i\000c\000a\000l\000\040\000S\000t\000u\000d\000y}{}% 50
\BOOKMARK [1][-]{section.81}{\376\377\000D\000e\000s\000c\000r\000i\000p\000t\000i\000o\000n\000\040\000o\000f\000\040\000D\000a\000t\000a}{chapter.80}% 51
\BOOKMARK [2][-]{subsection.82}{\376\377\000E\000x\000p\000l\000o\000r\000a\000t\000o\000r\000y\000\040\000A\000n\000a\000l\000y\000s\000i\000s}{section.81}% 52
\BOOKMARK [1][-]{section.86}{\376\377\000S\000T\000E\000M}{chapter.80}% 53
\BOOKMARK [2][-]{subsection.87}{\376\377\000R\000e\000s\000u\000l\000t\000s}{section.86}% 54
\BOOKMARK [2][-]{subsection.88}{\376\377\000C\000l\000u\000s\000t\000e\000r\000\040\000P\000l\000o\000t\000s}{section.86}% 55
\BOOKMARK [2][-]{subsection.90}{\376\377\000G\000e\000n\000e\000\040\000O\000n\000t\000o\000l\000o\000g\000y\000\040\000A\000n\000a\000l\000y\000s\000i\000s}{section.86}% 56
\BOOKMARK [1][-]{section.91}{\376\377\000M\000i\000x\000t\000u\000r\000e\000\040\000M\000o\000d\000e\000l}{chapter.80}% 57
\BOOKMARK [2][-]{subsection.92}{\376\377\000R\000e\000s\000u\000l\000t\000s}{section.91}% 58
\BOOKMARK [2][-]{subsection.93}{\376\377\000C\000l\000u\000s\000t\000e\000r\000\040\000P\000l\000o\000t\000s}{section.91}% 59
\BOOKMARK [2][-]{subsection.96}{\376\377\000G\000e\000n\000e\000\040\000O\000n\000t\000o\000l\000o\000g\000y\000\040\000A\000n\000a\000l\000y\000s\000i\000s}{section.91}% 60
\BOOKMARK [1][-]{section.97}{\376\377\000K\000-\000m\000e\000a\000n\000s}{chapter.80}% 61
\BOOKMARK [2][-]{subsection.98}{\376\377\000R\000e\000s\000u\000l\000t\000s}{section.97}% 62
\BOOKMARK [2][-]{subsection.99}{\376\377\000C\000l\000u\000s\000t\000e\000r\000\040\000P\000l\000o\000t\000s}{section.97}% 63
\BOOKMARK [2][-]{subsection.101}{\376\377\000G\000e\000n\000e\000\040\000O\000n\000t\000o\000l\000o\000g\000y\000\040\000A\000n\000a\000l\000y\000s\000i\000s}{section.97}% 64
\BOOKMARK [1][-]{section.102}{\376\377\000H\000i\000e\000r\000a\000r\000c\000h\000i\000c\000a\000l\000\040\000C\000l\000u\000s\000t\000e\000r\000i\000n\000g}{chapter.80}% 65
\BOOKMARK [2][-]{subsection.103}{\376\377\000R\000e\000s\000u\000l\000t\000s}{section.102}% 66
\BOOKMARK [2][-]{subsection.104}{\376\377\000C\000l\000u\000s\000t\000e\000r\000\040\000P\000l\000o\000t\000s}{section.102}% 67
\BOOKMARK [2][-]{subsection.106}{\376\377\000G\000e\000n\000e\000\040\000O\000n\000t\000o\000l\000o\000g\000y\000\040\000A\000n\000a\000l\000y\000s\000i\000s}{section.102}% 68
\BOOKMARK [1][-]{section.107}{\376\377\000P\000e\000r\000f\000o\000r\000m\000a\000n\000c\000e\000\040\000E\000v\000a\000l\000u\000a\000t\000i\000o\000n}{chapter.80}% 69
\BOOKMARK [2][-]{subsection.108}{\376\377\000C\000l\000u\000s\000t\000e\000r\000i\000n\000g\000\040\000A\000c\000c\000u\000r\000a\000c\000y}{section.107}% 70
\BOOKMARK [2][-]{subsection.109}{\376\377\000M\000E\000\040\000D\000i\000s\000t\000a\000n\000c\000e}{section.107}% 71
\BOOKMARK [0][-]{appendix.110}{\376\377\000F\000r\000e\000q\000u\000e\000n\000t\000l\000y\000\040\000A\000s\000k\000e\000d\000\040\000Q\000u\000e\000s\000t\000i\000o\000n\000s}{}% 72
\BOOKMARK [1][-]{section.111}{\376\377\000H\000o\000w\000\040\000d\000o\000\040\000I\000\040\000c\000h\000a\000n\000g\000e\000\040\000t\000h\000e\000\040\000c\000o\000l\000o\000r\000s\000\040\000o\000f\000\040\000l\000i\000n\000k\000s\000?}{appendix.110}% 73
