\BOOKMARK [0][-]{section*.1}{\376\377\000A\000b\000s\000t\000r\000a\000c\000t}{}% 1
\BOOKMARK [0][-]{section*.2}{\376\377\000A\000c\000k\000n\000o\000w\000l\000e\000d\000g\000e\000m\000e\000n\000t\000s}{}% 2
\BOOKMARK [0][-]{chapter.6}{\376\377\000I\000n\000t\000r\000o\000d\000u\000c\000t\000i\000o\000n\000\040\000a\000n\000d\000\040\000P\000r\000e\000v\000i\000e\000w}{}% 3
\BOOKMARK [1][-]{section.7}{\376\377\000M\000a\000c\000h\000i\000n\000e\000\040\000L\000e\000a\000r\000n\000i\000n\000g}{chapter.6}% 4
\BOOKMARK [2][-]{subsection.8}{\376\377\000U\000n\000s\000u\000p\000e\000r\000v\000i\000s\000e\000d\000\040\000L\000e\000a\000r\000n\000i\000n\000g\000,\000\040\000S\000u\000p\000e\000r\000v\000i\000s\000e\000d\000\040\000L\000e\000a\000r\000n\000i\000n\000g\000,\000\040\000S\000e\000m\000i\000-\000s\000u\000p\000e\000r\000v\000i\000s\000e\000d\000\040\000L\000e\000a\000r\000n\000i\000n\000g}{section.7}% 5
\BOOKMARK [1][-]{section.9}{\376\377\000B\000a\000s\000i\000c\000\040\000G\000e\000n\000o\000m\000i\000c\000s}{chapter.6}% 6
\BOOKMARK [2][-]{subsection.10}{\376\377\000M\000o\000l\000e\000c\000u\000l\000a\000r\000\040\000B\000i\000o\000l\000o\000g\000y}{section.9}% 7
\BOOKMARK [2][-]{subsection.11}{\376\377\000M\000i\000t\000o\000c\000h\000o\000n\000d\000r\000i\000a}{section.9}% 8
\BOOKMARK [1][-]{section.12}{\376\377\000S\000t\000r\000u\000c\000t\000u\000r\000e\000\040\000o\000f\000\040\000R\000e\000p\000o\000r\000t}{chapter.6}% 9
\BOOKMARK [0][-]{chapter.13}{\376\377\000O\000b\000j\000e\000c\000t\000i\000v\000e\000\040\000a\000n\000d\000\040\000L\000i\000t\000e\000r\000a\000t\000u\000r\000e\000\040\000R\000e\000v\000i\000e\000w}{}% 10
\BOOKMARK [1][-]{section.14}{\376\377\000O\000b\000j\000e\000c\000t\000i\000v\000e}{chapter.13}% 11
\BOOKMARK [2][-]{subsection.16}{\376\377\000C\000l\000u\000s\000t\000e\000r\000i\000n\000g\000\040\000G\000e\000n\000e\000\040\000E\000x\000p\000r\000e\000s\000s\000i\000o\000n\000\040\000V\000a\000l\000u\000e\000s}{section.14}% 12
\BOOKMARK [1][-]{section.17}{\376\377\000L\000i\000t\000e\000r\000a\000t\000u\000r\000e\000\040\000R\000e\000v\000i\000e\000w}{chapter.13}% 13
\BOOKMARK [0][-]{chapter.18}{\376\377\000T\000h\000e\000o\000r\000i\000e\000s\000\040\000a\000n\000d\000\040\000T\000o\000o\000l\000s\000\040\000U\000s\000e\000d}{}% 14
\BOOKMARK [1][-]{section.19}{\376\377\000E\000x\000p\000e\000c\000t\000a\000t\000i\000o\000n\000\040\000M\000a\000x\000i\000m\000i\000s\000a\000t\000i\000o\000n\000\040\000\050\000E\000M\000\051\000\040\000A\000l\000g\000o\000r\000i\000t\000h\000m}{chapter.18}% 15
\BOOKMARK [2][-]{subsection.20}{\376\377\000O\000u\000t\000l\000i\000n\000e}{section.19}% 16
\BOOKMARK [1][-]{section.21}{\376\377\000D\000e\000t\000e\000r\000m\000i\000n\000i\000n\000g\000\040\000O\000p\000t\000i\000m\000a\000l\000\040\000N\000u\000m\000b\000e\000r\000\040\000o\000f\000\040\000C\000l\000u\000s\000t\000e\000r\000s}{chapter.18}% 17
\BOOKMARK [2][-]{subsection.22}{\376\377\000B\000I\000C\000\040\000a\000n\000d\000\040\000A\000I\000C}{section.21}% 18
\BOOKMARK [3][-]{section*.23}{\376\377\000O\000u\000t\000l\000i\000n\000e}{subsection.22}% 19
\BOOKMARK [2][-]{subsection.24}{\376\377\000E\000l\000b\000o\000w\000\040\000M\000e\000t\000h\000o\000d\000\040\000A\000n\000a\000l\000y\000s\000i\000s}{section.21}% 20
\BOOKMARK [3][-]{section*.25}{\376\377\000O\000u\000t\000l\000i\000n\000e}{subsection.24}% 21
\BOOKMARK [2][-]{subsection.27}{\376\377\000G\000a\000p\000\040\000S\000t\000a\000t\000i\000s\000t\000i\000c}{section.21}% 22
\BOOKMARK [3][-]{section*.28}{\376\377\000O\000u\000t\000l\000i\000n\000e}{subsection.27}% 23
\BOOKMARK [1][-]{section.29}{\376\377\000P\000e\000r\000f\000o\000r\000m\000a\000n\000c\000e\000\040\000M\000e\000a\000s\000u\000r\000e\000s}{chapter.18}% 24
\BOOKMARK [2][-]{subsection.30}{\376\377\000C\000l\000u\000s\000t\000e\000r\000i\000n\000g\000\040\000A\000c\000c\000u\000r\000a\000c\000y\000\040\000\050\000C\000A\000\051}{section.29}% 25
\BOOKMARK [2][-]{subsection.31}{\376\377\000M\000E\000\040\000D\000i\000s\000t\000a\000n\000c\000e}{section.29}% 26
\BOOKMARK [3][-]{section*.32}{\376\377\000D\000e\000f\000i\000n\000i\000t\000i\000o\000n}{subsection.31}% 27
\BOOKMARK [3][-]{section*.33}{\376\377\000T\000h\000e\000\040\000M\000i\000s\000c\000l\000a\000s\000s\000i\000f\000i\000c\000a\000t\000i\000o\000n\000\040\000E\000r\000r\000o\000r\000\040\000\050\000M\000E\000\051\000\040\000D\000i\000s\000t\000a\000n\000c\000e\000\040\000b\000e\000t\000w\000e\000e\000n\000\040\000C\000l\000u\000s\000t\000e\000r\000i\000n\000g\000s}{subsection.31}% 28
\BOOKMARK [1][-]{section.34}{\376\377\000G\000e\000n\000e\000\040\000O\000n\000t\000o\000l\000o\000g\000y\000\040\000\050\000G\000O\000\051}{chapter.18}% 29
\BOOKMARK [0][-]{chapter.36}{\376\377\000A\000l\000g\000o\000r\000i\000t\000h\000m\000s}{}% 30
\BOOKMARK [1][-]{section.37}{\376\377\000S\000h\000o\000r\000t\000\040\000T\000i\000m\000e\000-\000s\000e\000r\000i\000e\000s\000\040\000E\000x\000p\000r\000e\000s\000s\000i\000o\000n\000\040\000M\000i\000n\000e\000r\000\040\000\050\000S\000T\000E\000M\000\051}{chapter.36}% 31
\BOOKMARK [2][-]{subsection.38}{\376\377\000O\000u\000t\000l\000i\000n\000e}{section.37}% 32
\BOOKMARK [2][-]{subsection.39}{\376\377\000G\000e\000n\000e\000r\000a\000t\000i\000n\000g\000\040\000M\000o\000d\000e\000l\000\040\000P\000r\000o\000f\000i\000l\000e\000s}{section.37}% 33
\BOOKMARK [3][-]{section*.40}{\376\377\000S\000e\000l\000e\000c\000t\000i\000n\000g\000\040\000D\000i\000s\000t\000i\000n\000c\000t\000\040\000M\000o\000d\000e\000l\000\040\000P\000r\000o\000f\000i\000l\000e\000s}{subsection.39}% 34
\BOOKMARK [3][-]{section*.42}{\376\377\000D\000i\000s\000t\000a\000n\000c\000e\000\040\000M\000e\000a\000s\000u\000r\000e}{subsection.39}% 35
\BOOKMARK [2][-]{subsection.53}{\376\377\000F\000i\000n\000d\000i\000n\000g\000\040\000S\000i\000g\000n\000i\000f\000i\000c\000a\000n\000t\000\040\000M\000o\000d\000e\000l\000\040\000P\000r\000o\000f\000i\000l\000e\000s}{section.37}% 36
\BOOKMARK [3][-]{section*.54}{\376\377\000A\000s\000s\000i\000g\000n\000i\000n\000g\000\040\000G\000e\000n\000e\000s\000\040\000t\000o\000\040\000M\000o\000d\000e\000l\000\040\000P\000r\000o\000f\000i\000l\000e\000s}{subsection.53}% 37
\BOOKMARK [3][-]{section*.55}{\376\377\000P\000e\000r\000m\000u\000t\000a\000t\000i\000o\000n\000\040\000T\000e\000s\000t}{subsection.53}% 38
\BOOKMARK [2][-]{subsection.56}{\376\377\000G\000r\000o\000u\000p\000i\000n\000g\000\040\000S\000i\000g\000n\000i\000f\000i\000c\000a\000n\000t\000\040\000P\000r\000o\000f\000i\000l\000e\000s}{section.37}% 39
\BOOKMARK [2][-]{subsection.57}{\376\377\000C\000h\000a\000l\000l\000e\000n\000g\000e\000s}{section.37}% 40
\BOOKMARK [1][-]{section.58}{\376\377\000M\000i\000x\000t\000u\000r\000e\000\040\000M\000o\000d\000e\000l}{chapter.36}% 41
\BOOKMARK [2][-]{subsection.59}{\376\377\000O\000u\000t\000l\000i\000n\000e}{section.58}% 42
\BOOKMARK [1][-]{section.68}{\376\377\000K\000-\000m\000e\000a\000n\000s}{chapter.36}% 43
\BOOKMARK [2][-]{subsection.70}{\376\377\000O\000u\000t\000l\000i\000n\000e}{section.68}% 44
\BOOKMARK [3][-]{section*.73}{\376\377\000K\000-\000m\000e\000a\000n\000s\000\040\000+\000+}{subsection.70}% 45
\BOOKMARK [3][-]{section*.74}{\376\377\000C\000h\000a\000l\000l\000e\000n\000g\000e\000s}{subsection.70}% 46
\BOOKMARK [1][-]{section.75}{\376\377\000H\000i\000e\000r\000a\000r\000c\000h\000i\000c\000a\000l\000\040\000C\000l\000u\000s\000t\000e\000r\000i\000n\000g}{chapter.36}% 47
\BOOKMARK [2][-]{subsection.76}{\376\377\000O\000u\000t\000l\000i\000n\000e}{section.75}% 48
\BOOKMARK [2][-]{subsection.78}{\376\377\000C\000h\000a\000l\000l\000e\000n\000g\000e\000s}{section.75}% 49
\BOOKMARK [0][-]{chapter.79}{\376\377\000E\000m\000p\000i\000r\000i\000c\000a\000l\000\040\000S\000t\000u\000d\000y}{}% 50
\BOOKMARK [1][-]{section.80}{\376\377\000D\000e\000s\000c\000r\000i\000p\000t\000i\000o\000n\000\040\000o\000f\000\040\000D\000a\000t\000a}{chapter.79}% 51
\BOOKMARK [2][-]{subsection.81}{\376\377\000E\000x\000p\000l\000o\000r\000a\000t\000o\000r\000y\000\040\000A\000n\000a\000l\000y\000s\000i\000s}{section.80}% 52
\BOOKMARK [1][-]{section.85}{\376\377\000S\000T\000E\000M}{chapter.79}% 53
\BOOKMARK [2][-]{subsection.86}{\376\377\000R\000e\000s\000u\000l\000t\000s}{section.85}% 54
\BOOKMARK [1][-]{section.87}{\376\377\000M\000i\000x\000t\000u\000r\000e\000\040\000M\000o\000d\000e\000l}{chapter.79}% 55
\BOOKMARK [2][-]{subsection.88}{\376\377\000R\000e\000s\000u\000l\000t\000s}{section.87}% 56
\BOOKMARK [1][-]{section.90}{\376\377\000K\000-\000m\000e\000a\000n\000s}{chapter.79}% 57
\BOOKMARK [2][-]{subsection.91}{\376\377\000R\000e\000s\000u\000l\000t\000s}{section.90}% 58
\BOOKMARK [1][-]{section.93}{\376\377\000H\000i\000e\000r\000a\000r\000c\000h\000i\000c\000a\000l\000\040\000C\000l\000u\000s\000t\000e\000r\000i\000n\000g}{chapter.79}% 59
\BOOKMARK [2][-]{subsection.94}{\376\377\000R\000e\000s\000u\000l\000t\000s}{section.93}% 60
\BOOKMARK [1][-]{section.95}{\376\377\000C\000o\000m\000p\000a\000r\000i\000s\000o\000n\000\040\000o\000f\000\040\000A\000l\000g\000o\000r\000i\000t\000h\000m\000s}{chapter.79}% 61
\BOOKMARK [2][-]{subsection.98}{\376\377\000G\000O\000\040\000A\000n\000a\000l\000y\000s\000i\000s}{section.95}% 62
\BOOKMARK [1][-]{section.100}{\376\377\000P\000e\000r\000f\000o\000r\000m\000a\000n\000c\000e\000\040\000E\000v\000a\000l\000u\000a\000t\000i\000o\000n}{chapter.79}% 63
\BOOKMARK [0][-]{chapter.102}{\376\377\000C\000o\000n\000c\000l\000u\000s\000i\000o\000n}{}% 64
\BOOKMARK [1][-]{section.103}{\376\377\000S\000u\000m\000m\000a\000r\000y}{chapter.102}% 65
\BOOKMARK [2][-]{subsection.104}{\376\377\000S\000T\000E\000M\000\040\000T\000o\000\040\000D\000e\000t\000e\000r\000m\000i\000n\000e\000\040\000N\000u\000m\000b\000e\000r\000\040\000o\000f\000\040\000C\000l\000u\000s\000t\000e\000r\000s}{section.103}% 66
\BOOKMARK [2][-]{subsection.105}{\376\377\000N\000o\000\040\000A\000l\000g\000o\000r\000i\000t\000h\000m\000\040\000P\000e\000r\000f\000o\000r\000m\000s\000\040\000B\000e\000t\000t\000e\000r\000\040\000F\000o\000r\000\040\000A\000l\000l\000\040\000D\000a\000t\000a}{section.103}% 67
\BOOKMARK [1][-]{section.106}{\376\377\000F\000u\000r\000t\000h\000e\000r\000\040\000W\000o\000r\000k}{chapter.102}% 68
\BOOKMARK [2][-]{subsection.107}{\376\377\000D\000i\000f\000f\000e\000r\000e\000n\000t\000\040\000A\000l\000g\000o\000r\000i\000t\000h\000m\000s}{section.106}% 69
\BOOKMARK [3][-]{section*.108}{\376\377\000E\000x\000p\000l\000o\000r\000e\000\040\000O\000n\000\040\000S\000o\000f\000t\000\040\000C\000l\000u\000s\000t\000e\000r\000i\000n\000g}{subsection.107}% 70
\BOOKMARK [3][-]{section*.109}{\376\377\000B\000a\000y\000e\000s\000i\000a\000n\000\040\000A\000p\000p\000r\000o\000a\000c\000h}{subsection.107}% 71
\BOOKMARK [2][-]{subsection.110}{\376\377\000I\000n\000t\000e\000r\000a\000c\000t\000i\000o\000n\000\040\000B\000e\000t\000w\000e\000e\000n\000\040\000C\000l\000u\000s\000t\000e\000r\000s}{section.106}% 72
\BOOKMARK [2][-]{subsection.111}{\376\377\000O\000t\000h\000e\000r\000\040\000D\000i\000s\000t\000a\000n\000c\000e\000\040\000M\000e\000a\000s\000u\000r\000e\000s}{section.106}% 73
\BOOKMARK [0][-]{appendix.112}{\376\377\000P\000l\000o\000t\000s\000\040\000F\000o\000r\000\040\000R\000N\000A\000\040\000B\000u\000l\000k\000\040\000M\000i\000t\000o}{}% 74
\BOOKMARK [0][-]{appendix.118}{\376\377\000P\000l\000o\000t\000s\000\040\000F\000o\000r\000\040\000R\000N\000A\000\040\000C\000r\000u\000d\000e\000\040\000M\000i\000t\000o}{}% 75
